<?xml version="1.0" encoding="UTF-8"?>
<!-- Generated by org.testng.reporters.JUnitXMLReporter -->
<testsuite ignored="0" hostname="LAPTOP-NKCAP3PB" failures="1" tests="2" name="Test" time="7.43" errors="0" timestamp="2024-08-28T11:49:08 AEST">
  <testcase classname="com.ots.testcases.LoginTest" name="validLogin" time="2.779"/>
  <testcase classname="com.ots.testcases.LoginTest" name="verifyNewUserLink" time="0.051">
    <failure type="java.lang.AssertionError" message="New User Creation link is not present expected [false] but found [true]">
      <![CDATA[java.lang.AssertionError: New User Creation link is not present expected [false] but found [true]
at com.ots.testcases.LoginTest.verifyNewUserLink(LoginTest.java:40)
at java.base/java.util.ArrayList.forEach(ArrayList.java:1511)
... Removed 30 stack frames]]>
    </failure>
  </testcase> <!-- verifyNewUserLink -->
</testsuite> <!-- Test -->
