<?xml version="1.0" encoding="UTF-8"?>
<testng-results ignored="0" total="1" passed="1" failed="0" skipped="0">
  <reporter-output>
  </reporter-output>
  <suite started-at="2024-08-30T14:04:33 AEST" name="Suite" finished-at="2024-08-30T14:04:33 AEST" duration-ms="35">
    <groups>
    </groups>
    <test started-at="2024-08-30T14:04:33 AEST" name="Test" finished-at="2024-08-30T14:04:33 AEST" duration-ms="35">
      <class name="com.ots.testcases.Sample">
        <test-method signature="test2()[pri:0, instance:com.ots.testcases.Sample@4b0d79fc]" started-at="2024-08-30T14:04:33 AEST" name="test2" finished-at="2024-08-30T14:04:33 AEST" duration-ms="4" status="PASS">
          <reporter-output>
          </reporter-output>
        </test-method> <!-- test2 -->
      </class> <!-- com.ots.testcases.Sample -->
    </test> <!-- Test -->
  </suite> <!-- Suite -->
</testng-results>
